0 info it worked if it ends with ok
1 verbose cli [ 'node',
1 verbose cli   '/usr/local/bin/npm',
1 verbose cli   'publish',
1 verbose cli   '/opt/local/share/nginx/html/magix-app-build' ]
2 info using npm@1.3.14
3 info using node@v0.10.22
4 verbose publish [ '/opt/local/share/nginx/html/magix-app-build' ]
5 verbose cache add [ '/opt/local/share/nginx/html/magix-app-build', null ]
6 verbose cache add name=undefined spec="/opt/local/share/nginx/html/magix-app-build" args=["/opt/local/share/nginx/html/magix-app-build",null]
7 verbose parsed url { protocol: null,
7 verbose parsed url   slashes: null,
7 verbose parsed url   auth: null,
7 verbose parsed url   host: null,
7 verbose parsed url   port: null,
7 verbose parsed url   hostname: null,
7 verbose parsed url   hash: null,
7 verbose parsed url   search: null,
7 verbose parsed url   query: null,
7 verbose parsed url   pathname: '/opt/local/share/nginx/html/magix-app-build',
7 verbose parsed url   path: '/opt/local/share/nginx/html/magix-app-build',
7 verbose parsed url   href: '/opt/local/share/nginx/html/magix-app-build' }
8 silly lockFile 640b7010-share-nginx-html-magix-app-build /opt/local/share/nginx/html/magix-app-build
9 verbose lock /opt/local/share/nginx/html/magix-app-build /Users/zhangmeng/.npm/640b7010-share-nginx-html-magix-app-build.lock
10 verbose tar pack [ '/var/folders/sq/ryxxf8t16wv819tww6pjnxf00000gn/T/npm-9432--G0lMSdG/1402501921162-0.1886378158815205/tmp.tgz',
10 verbose tar pack   '/opt/local/share/nginx/html/magix-app-build' ]
11 verbose tarball /var/folders/sq/ryxxf8t16wv819tww6pjnxf00000gn/T/npm-9432--G0lMSdG/1402501921162-0.1886378158815205/tmp.tgz
12 verbose folder /opt/local/share/nginx/html/magix-app-build
13 info prepublish magix-product-release@0.1.0
14 silly lockFile 8cee8565-share-nginx-html-magix-app-build tar:///opt/local/share/nginx/html/magix-app-build
15 verbose lock tar:///opt/local/share/nginx/html/magix-app-build /Users/zhangmeng/.npm/8cee8565-share-nginx-html-magix-app-build.lock
16 silly lockFile d7914190-21162-0-1886378158815205-tmp-tgz tar:///var/folders/sq/ryxxf8t16wv819tww6pjnxf00000gn/T/npm-9432--G0lMSdG/1402501921162-0.1886378158815205/tmp.tgz
17 verbose lock tar:///var/folders/sq/ryxxf8t16wv819tww6pjnxf00000gn/T/npm-9432--G0lMSdG/1402501921162-0.1886378158815205/tmp.tgz /Users/zhangmeng/.npm/d7914190-21162-0-1886378158815205-tmp-tgz.lock
18 silly lockFile 8cee8565-share-nginx-html-magix-app-build tar:///opt/local/share/nginx/html/magix-app-build
19 silly lockFile 8cee8565-share-nginx-html-magix-app-build tar:///opt/local/share/nginx/html/magix-app-build
20 silly lockFile d7914190-21162-0-1886378158815205-tmp-tgz tar:///var/folders/sq/ryxxf8t16wv819tww6pjnxf00000gn/T/npm-9432--G0lMSdG/1402501921162-0.1886378158815205/tmp.tgz
21 silly lockFile d7914190-21162-0-1886378158815205-tmp-tgz tar:///var/folders/sq/ryxxf8t16wv819tww6pjnxf00000gn/T/npm-9432--G0lMSdG/1402501921162-0.1886378158815205/tmp.tgz
22 verbose tar unpack /var/folders/sq/ryxxf8t16wv819tww6pjnxf00000gn/T/npm-9432--G0lMSdG/1402501921162-0.1886378158815205/tmp.tgz
23 silly lockFile f02d7d54-21162-0-1886378158815205-package tar:///var/folders/sq/ryxxf8t16wv819tww6pjnxf00000gn/T/npm-9432--G0lMSdG/1402501921162-0.1886378158815205/package
24 verbose lock tar:///var/folders/sq/ryxxf8t16wv819tww6pjnxf00000gn/T/npm-9432--G0lMSdG/1402501921162-0.1886378158815205/package /Users/zhangmeng/.npm/f02d7d54-21162-0-1886378158815205-package.lock
25 silly lockFile d7914190-21162-0-1886378158815205-tmp-tgz tar:///var/folders/sq/ryxxf8t16wv819tww6pjnxf00000gn/T/npm-9432--G0lMSdG/1402501921162-0.1886378158815205/tmp.tgz
26 verbose lock tar:///var/folders/sq/ryxxf8t16wv819tww6pjnxf00000gn/T/npm-9432--G0lMSdG/1402501921162-0.1886378158815205/tmp.tgz /Users/zhangmeng/.npm/d7914190-21162-0-1886378158815205-tmp-tgz.lock
27 silly gunzTarPerm modes [ '755', '644' ]
28 silly gunzTarPerm extractEntry package.json
29 silly gunzTarPerm extractEntry .npmignore
30 silly gunzTarPerm extractEntry README.md
31 silly gunzTarPerm extractEntry Gruntfile.js
32 silly gunzTarPerm extractEntry libs/acorn.js
33 silly gunzTarPerm extractEntry libs/acorn_walk.js
34 silly gunzTarPerm extractEntry libs/helper.js
35 silly gunzTarPerm extractEntry libs/jsproc.js
36 silly gunzTarPerm extractEntry libs/unicode.js
37 silly gunzTarPerm extractEntry release.cmd
38 silly gunzTarPerm extractEntry release.sh
39 silly gunzTarPerm extractEntry tasks/build.js
40 silly gunzTarPerm extractEntry tasks/clear.js
41 silly gunzTarPerm extractEntry tasks/combine.js
42 silly gunzTarPerm extractEntry tasks/cssmin.js
43 silly gunzTarPerm extractEntry tasks/minify.js
44 silly lockFile f02d7d54-21162-0-1886378158815205-package tar:///var/folders/sq/ryxxf8t16wv819tww6pjnxf00000gn/T/npm-9432--G0lMSdG/1402501921162-0.1886378158815205/package
45 silly lockFile f02d7d54-21162-0-1886378158815205-package tar:///var/folders/sq/ryxxf8t16wv819tww6pjnxf00000gn/T/npm-9432--G0lMSdG/1402501921162-0.1886378158815205/package
46 silly lockFile d7914190-21162-0-1886378158815205-tmp-tgz tar:///var/folders/sq/ryxxf8t16wv819tww6pjnxf00000gn/T/npm-9432--G0lMSdG/1402501921162-0.1886378158815205/tmp.tgz
47 silly lockFile d7914190-21162-0-1886378158815205-tmp-tgz tar:///var/folders/sq/ryxxf8t16wv819tww6pjnxf00000gn/T/npm-9432--G0lMSdG/1402501921162-0.1886378158815205/tmp.tgz
48 verbose tar pack [ '/Users/zhangmeng/.npm/magix-product-release/0.1.0/package.tgz',
48 verbose tar pack   '/var/folders/sq/ryxxf8t16wv819tww6pjnxf00000gn/T/npm-9432--G0lMSdG/1402501921162-0.1886378158815205/package' ]
49 verbose tarball /Users/zhangmeng/.npm/magix-product-release/0.1.0/package.tgz
50 verbose folder /var/folders/sq/ryxxf8t16wv819tww6pjnxf00000gn/T/npm-9432--G0lMSdG/1402501921162-0.1886378158815205/package
51 silly lockFile f02d7d54-21162-0-1886378158815205-package tar:///var/folders/sq/ryxxf8t16wv819tww6pjnxf00000gn/T/npm-9432--G0lMSdG/1402501921162-0.1886378158815205/package
52 verbose lock tar:///var/folders/sq/ryxxf8t16wv819tww6pjnxf00000gn/T/npm-9432--G0lMSdG/1402501921162-0.1886378158815205/package /Users/zhangmeng/.npm/f02d7d54-21162-0-1886378158815205-package.lock
53 silly lockFile 2bf4bd72-roduct-release-0-1-0-package-tgz tar:///Users/zhangmeng/.npm/magix-product-release/0.1.0/package.tgz
54 verbose lock tar:///Users/zhangmeng/.npm/magix-product-release/0.1.0/package.tgz /Users/zhangmeng/.npm/2bf4bd72-roduct-release-0-1-0-package-tgz.lock
55 silly lockFile f02d7d54-21162-0-1886378158815205-package tar:///var/folders/sq/ryxxf8t16wv819tww6pjnxf00000gn/T/npm-9432--G0lMSdG/1402501921162-0.1886378158815205/package
56 silly lockFile f02d7d54-21162-0-1886378158815205-package tar:///var/folders/sq/ryxxf8t16wv819tww6pjnxf00000gn/T/npm-9432--G0lMSdG/1402501921162-0.1886378158815205/package
57 silly lockFile 2bf4bd72-roduct-release-0-1-0-package-tgz tar:///Users/zhangmeng/.npm/magix-product-release/0.1.0/package.tgz
58 silly lockFile 2bf4bd72-roduct-release-0-1-0-package-tgz tar:///Users/zhangmeng/.npm/magix-product-release/0.1.0/package.tgz
59 silly lockFile 983010f6-ix-product-release-0-1-0-package /Users/zhangmeng/.npm/magix-product-release/0.1.0/package
60 verbose lock /Users/zhangmeng/.npm/magix-product-release/0.1.0/package /Users/zhangmeng/.npm/983010f6-ix-product-release-0-1-0-package.lock
61 silly lockFile 983010f6-ix-product-release-0-1-0-package /Users/zhangmeng/.npm/magix-product-release/0.1.0/package
62 silly lockFile 983010f6-ix-product-release-0-1-0-package /Users/zhangmeng/.npm/magix-product-release/0.1.0/package
63 verbose tar unpack /Users/zhangmeng/.npm/magix-product-release/0.1.0/package.tgz
64 silly lockFile e6454833-ix-product-release-0-1-0-package tar:///Users/zhangmeng/.npm/magix-product-release/0.1.0/package
65 verbose lock tar:///Users/zhangmeng/.npm/magix-product-release/0.1.0/package /Users/zhangmeng/.npm/e6454833-ix-product-release-0-1-0-package.lock
66 silly lockFile 2bf4bd72-roduct-release-0-1-0-package-tgz tar:///Users/zhangmeng/.npm/magix-product-release/0.1.0/package.tgz
67 verbose lock tar:///Users/zhangmeng/.npm/magix-product-release/0.1.0/package.tgz /Users/zhangmeng/.npm/2bf4bd72-roduct-release-0-1-0-package-tgz.lock
68 silly gunzTarPerm modes [ '755', '644' ]
69 silly gunzTarPerm extractEntry package.json
70 silly gunzTarPerm extractEntry .npmignore
71 silly gunzTarPerm extractEntry README.md
72 silly gunzTarPerm extractEntry Gruntfile.js
73 silly gunzTarPerm extractEntry libs/acorn.js
74 silly gunzTarPerm extractEntry libs/acorn_walk.js
75 silly gunzTarPerm extractEntry libs/helper.js
76 silly gunzTarPerm extractEntry libs/jsproc.js
77 silly gunzTarPerm extractEntry libs/unicode.js
78 silly gunzTarPerm extractEntry release.cmd
79 silly gunzTarPerm extractEntry release.sh
80 silly gunzTarPerm extractEntry tasks/build.js
81 silly gunzTarPerm extractEntry tasks/clear.js
82 silly gunzTarPerm extractEntry tasks/combine.js
83 silly gunzTarPerm extractEntry tasks/cssmin.js
84 silly gunzTarPerm extractEntry tasks/minify.js
85 silly lockFile e6454833-ix-product-release-0-1-0-package tar:///Users/zhangmeng/.npm/magix-product-release/0.1.0/package
86 silly lockFile e6454833-ix-product-release-0-1-0-package tar:///Users/zhangmeng/.npm/magix-product-release/0.1.0/package
87 silly lockFile 2bf4bd72-roduct-release-0-1-0-package-tgz tar:///Users/zhangmeng/.npm/magix-product-release/0.1.0/package.tgz
88 silly lockFile 2bf4bd72-roduct-release-0-1-0-package-tgz tar:///Users/zhangmeng/.npm/magix-product-release/0.1.0/package.tgz
89 verbose chmod /Users/zhangmeng/.npm/magix-product-release/0.1.0/package.tgz 644
90 verbose chown /Users/zhangmeng/.npm/magix-product-release/0.1.0/package.tgz [ 501, 20 ]
91 silly lockFile 640b7010-share-nginx-html-magix-app-build /opt/local/share/nginx/html/magix-app-build
92 silly lockFile 640b7010-share-nginx-html-magix-app-build /opt/local/share/nginx/html/magix-app-build
93 silly publish { name: 'magix-product-release',
93 silly publish   version: '0.1.0',
93 silly publish   homepage: 'http://thx.alibaba-inc.com/magix/',
93 silly publish   author:
93 silly publish    { name: 'THX @ Alimama MUX',
93 silly publish      url: 'http://thx.alibaba-inc.com/' },
93 silly publish   repository: { type: 'git', url: 'git://github.com/thx/magix-app-build.git' },
93 silly publish   bugs: { url: 'https://github.com/thx/magix-app-build/issues' },
93 silly publish   main: 'Gruntfile.js',
93 silly publish   engines: { node: '>= 0.8.0' },
93 silly publish   devDependencies:
93 silly publish    { grunt: '~0.4.1',
93 silly publish      'grunt-contrib-copy': '~0.4.1',
93 silly publish      'grunt-contrib-clean': '~0.4.0',
93 silly publish      'grunt-contrib-uglify': '',
93 silly publish      'grunt-contrib-cssmin': '~0.5.0' },
93 silly publish   contributors:
93 silly publish    [ { name: 'xinglie', url: 'https://github.com/xinglie' },
93 silly publish      { name: 'sifei', url: 'http://mengbaobao.blogspot.com' } ],
93 silly publish   readme: '# Magix应用打包脚本\n\n## This is the tools used for the release of magix application \n\n## 包含Task\n* Task: clear - 清空指定目录\n* Task: copy - 拷贝你要打包的app文件夹\n* Task: combine - 合并magix view 和js 解决跨域问题\n* Task: minify - 压缩js\n* Task: mincss - 压缩css\n* Task: clean - 清理无用的文件\n\n## 使用方法\n\n### 首次使用\n* 安装node环境\n* 安装grunt-cli http://gruntjs.com/getting-started (如果有0.4.0以下版本的grunt 请执行npm uninstall -g grunt卸载，再安装grunt-cli)\n\n### 根据你的应用配置Gruntfile.js\n\n\t\t/**\n         * 只需要修改配置到这里\n         */\n        build: {\n            main: {\n            \t//src: magix view 所在的入口文件夹路径\n                src: \'/opt/local/share/nginx/html/mbp-new/app/\', \n                //dest: 处理后文件夹的路径\n                dest: \'/opt/local/share/nginx/html/magix-app-build/build/app/\', \n                //compress:压缩级别 mini 或者normal\n                compress: \'normal\', \n                //c2u: 是否需要中文转化unicode\n                c2u: false,\n                //tmplKey: view对应模板字段默认为template\n                tmplKey: \'template\' \n            }\n        }\n\n### 运行 grunt 命令即可完成打包\n\n\n\n\n\n\n',
93 silly publish   readmeFilename: 'README.md',
93 silly publish   description: '## This is the tools used for the release of magix application',
93 silly publish   _id: 'magix-product-release@0.1.0',
93 silly publish   dist: { shasum: '7ec9e0d0b157f5b02913222188af66e6d2db98c5' },
93 silly publish   _from: '/opt/local/share/nginx/html/magix-app-build' }
94 verbose url raw magix-product-release
95 verbose url resolving [ 'https://registry.npmjs.org/', './magix-product-release' ]
96 verbose url resolved https://registry.npmjs.org/magix-product-release
97 info trying registry request attempt 1 at 23:52:01
98 http PUT https://registry.npmjs.org/magix-product-release
99 http 201 https://registry.npmjs.org/magix-product-release
100 verbose url raw magix-product-release
101 verbose url resolving [ 'https://registry.npmjs.org/', './magix-product-release' ]
102 verbose url resolved https://registry.npmjs.org/magix-product-release
103 info trying registry request attempt 1 at 23:52:06
104 http GET https://registry.npmjs.org/magix-product-release
105 http 200 https://registry.npmjs.org/magix-product-release
106 error publish fail Cannot publish over existing version.
106 error publish fail Update the 'version' field in package.json and try again.
106 error publish fail
106 error publish fail If the previous version was published in error, see:
106 error publish fail     npm help unpublish
106 error publish fail
106 error publish fail To automatically increment version numbers, see:
106 error publish fail     npm help version
107 error System Darwin 13.2.0
108 error command "node" "/usr/local/bin/npm" "publish" "/opt/local/share/nginx/html/magix-app-build"
109 error cwd /opt/local/share/nginx/html/magix-app-build
110 error node -v v0.10.22
111 error npm -v 1.3.14
112 error code EPUBLISHCONFLICT
113 verbose exit [ 1, true ]
